<?xml version="1.0" encoding="UTF-8"?>
<!-- Generated by org.testng.reporters.JUnitReportReporter -->
<testsuite hostname="Yashpreets-Macbook.local" name="com.bsb.ios.tests.CreateHikeUser" tests="1" failures="1" timestamp="23 Jan 2015 09:59:00 GMT" time="1.836" errors="0">
  <testcase name="test001" time="1.836" classname="com.bsb.ios.tests.CreateHikeUser">
    <failure type="org.openqa.selenium.NoSuchElementException" message="An element could not be located on the page using the given search parameters. (WARNING: The server did not provide any stacktrace information)
Command duration or timeout: 1.82 seconds
For documentation on this error, please visit: http://seleniumhq.org/exceptions/no_such_element.html
Build info: version: &#039;2.44.0&#039;, revision: &#039;76d78cf&#039;, time: &#039;2014-10-23 20:03:00&#039;
System info: host: &#039;Yashpreets-Macbook.local&#039;, ip: &#039;192.168.0.143&#039;, os.name: &#039;Mac OS X&#039;, os.arch: &#039;x86_64&#039;, os.version: &#039;10.9.4&#039;, java.version: &#039;1.6.0_65&#039;
Session ID: 1010725e-f618-4d25-a37a-d35a2b4af4bf
Driver info: org.openqa.selenium.remote.RemoteWebDriver
Capabilities [{platform=MAC, app=/Users/yashpreet/Downloads/Hikedevice.app, javascriptEnabled=true, browserName=, networkConnectionEnabled=false, udid=63b94c683a786b34e090c1a72fe54b8cf82a34de, desired={platform=MAC, app=/Users/yashpreet/Downloads/Hikedevice.app, showIOSLog=true, deviceName=Pankaj, platformName=iOS, browserName=, bundleId=com.bsb.hike, udid=63b94c683a786b34e090c1a72fe54b8cf82a34de, version=8.1.2}, locationContextEnabled=false, version=8.1.2, databaseEnabled=false, showIOSLog=true, deviceName=Pankaj, platformName=iOS, webStorageEnabled=false, bundleId=com.bsb.hike, warnings={}, takesScreenshot=true}]">
      <![CDATA[org.openqa.selenium.NoSuchElementException: An element could not be located on the page using the given search parameters. (WARNING: The server did not provide any stacktrace information)
Command duration or timeout: 1.82 seconds
For documentation on this error, please visit: http://seleniumhq.org/exceptions/no_such_element.html
Build info: version: '2.44.0', revision: '76d78cf', time: '2014-10-23 20:03:00'
System info: host: 'Yashpreets-Macbook.local', ip: '192.168.0.143', os.name: 'Mac OS X', os.arch: 'x86_64', os.version: '10.9.4', java.version: '1.6.0_65'
Session ID: 1010725e-f618-4d25-a37a-d35a2b4af4bf
Driver info: org.openqa.selenium.remote.RemoteWebDriver
Capabilities [{platform=MAC, app=/Users/yashpreet/Downloads/Hikedevice.app, javascriptEnabled=true, browserName=, networkConnectionEnabled=false, udid=63b94c683a786b34e090c1a72fe54b8cf82a34de, desired={platform=MAC, app=/Users/yashpreet/Downloads/Hikedevice.app, showIOSLog=true, deviceName=Pankaj, platformName=iOS, browserName=, bundleId=com.bsb.hike, udid=63b94c683a786b34e090c1a72fe54b8cf82a34de, version=8.1.2}, locationContextEnabled=false, version=8.1.2, databaseEnabled=false, showIOSLog=true, deviceName=Pankaj, platformName=iOS, webStorageEnabled=false, bundleId=com.bsb.hike, warnings={}, takesScreenshot=true}]
	at sun.reflect.NativeConstructorAccessorImpl.newInstance0(Native Method)
	at sun.reflect.NativeConstructorAccessorImpl.newInstance(NativeConstructorAccessorImpl.java:39)
	at sun.reflect.DelegatingConstructorAccessorImpl.newInstance(DelegatingConstructorAccessorImpl.java:27)
	at java.lang.reflect.Constructor.newInstance(Constructor.java:513)
	at org.openqa.selenium.remote.ErrorHandler.createThrowable(ErrorHandler.java:204)
	at org.openqa.selenium.remote.ErrorHandler.throwIfResponseFailed(ErrorHandler.java:156)
	at org.openqa.selenium.remote.RemoteWebDriver.execute(RemoteWebDriver.java:599)
	at org.openqa.selenium.remote.RemoteWebDriver.findElement(RemoteWebDriver.java:352)
	at org.openqa.selenium.remote.RemoteWebDriver.findElementByName(RemoteWebDriver.java:425)
	at org.openqa.selenium.By$ByName.findElement(By.java:299)
	at org.openqa.selenium.remote.RemoteWebDriver.findElement(RemoteWebDriver.java:344)
	at com.bsb.appium.Library.AppiumLibrary.clickOnElement(AppiumLibrary.java:26)
	at com.bsb.ios.screens.WelcomeScreen.clickOnGetStartedBTN(WelcomeScreen.java:15)
	at com.bsb.ios.tests.CreateHikeUser.test001(CreateHikeUser.java:33)
	at sun.reflect.NativeMethodAccessorImpl.invoke0(Native Method)
	at sun.reflect.NativeMethodAccessorImpl.invoke(NativeMethodAccessorImpl.java:39)
	at sun.reflect.DelegatingMethodAccessorImpl.invoke(DelegatingMethodAccessorImpl.java:25)
	at java.lang.reflect.Method.invoke(Method.java:597)
	at org.testng.internal.MethodInvocationHelper.invokeMethod(MethodInvocationHelper.java:84)
	at org.testng.internal.Invoker.invokeMethod(Invoker.java:714)
	at org.testng.internal.Invoker.invokeTestMethod(Invoker.java:901)
	at org.testng.internal.Invoker.invokeTestMethods(Invoker.java:1231)
	at org.testng.internal.TestMethodWorker.invokeTestMethods(TestMethodWorker.java:127)
	at org.testng.internal.TestMethodWorker.run(TestMethodWorker.java:111)
	at org.testng.TestRunner.privateRun(TestRunner.java:767)
	at org.testng.TestRunner.run(TestRunner.java:617)
	at org.testng.SuiteRunner.runTest(SuiteRunner.java:334)
	at org.testng.SuiteRunner.runSequentially(SuiteRunner.java:329)
	at org.testng.SuiteRunner.privateRun(SuiteRunner.java:291)
	at org.testng.SuiteRunner.run(SuiteRunner.java:240)
	at org.testng.SuiteRunnerWorker.runSuite(SuiteRunnerWorker.java:52)
	at org.testng.SuiteRunnerWorker.run(SuiteRunnerWorker.java:86)
	at org.testng.TestNG.runSuitesSequentially(TestNG.java:1224)
	at org.testng.TestNG.runSuitesLocally(TestNG.java:1149)
	at org.testng.TestNG.run(TestNG.java:1057)
	at org.testng.remote.RemoteTestNG.run(RemoteTestNG.java:111)
	at org.testng.remote.RemoteTestNG.initAndRun(RemoteTestNG.java:204)
	at org.testng.remote.RemoteTestNG.main(RemoteTestNG.java:175)
]]>
    </failure>
  </testcase> <!-- test001 -->
</testsuite> <!-- com.bsb.ios.tests.CreateHikeUser -->
